<?xml version="1.0" encoding="UTF-8"?>
<!-- Generated by org.testng.reporters.JUnitXMLReporter -->
<testsuite hostname="DESKTOP-GK79C4U" name="Default test(failed)" tests="1" failures="1" timestamp="7 Apr 2016 18:49:13 GMT" time="13.719" errors="0">
  <testcase name="@AfterMethod reportingAfter" time="0.0" classname="com.prosper.test.FirstGebTest">
    <failure type="geb.driver.DriverCreationException" message="failed to create driver from callback &amp;apos;script1460054940192957335153$_run_closure1@7cd1ac19&amp;apos;">
      <![CDATA[geb.driver.DriverCreationException: failed to create driver from callback 'script1460054940192957335153$_run_closure1@7cd1ac19'
	at org.codehaus.groovy.runtime.callsite.ConstructorSite$ConstructorSiteNoUnwrapNoCoerce.callConstructor(ConstructorSite.java:102)
	at org.codehaus.groovy.runtime.callsite.AbstractCallSite.callConstructor(AbstractCallSite.java:252)
	at geb.driver.CallbackDriverFactory.getDriver(CallbackDriverFactory.groovy:35)
	at groovy.lang.MetaMethod.doMethodInvoke(MetaMethod.java:324)
	at org.codehaus.groovy.runtime.metaclass.MethodMetaProperty$GetBeanMethodMetaProperty.getProperty(MethodMetaProperty.java:73)
	at org.codehaus.groovy.runtime.callsite.GetEffectivePogoPropertySite.callGetProperty(GetEffectivePogoPropertySite.java:45)
	at geb.driver.CachingDriverFactory$_getDriver_closure3.doCall(CachingDriverFactory.groovy:80)
	at groovy.lang.MetaMethod.doMethodInvoke(MetaMethod.java:324)
	at org.codehaus.groovy.runtime.metaclass.ClosureMetaClass.invokeMethod(ClosureMetaClass.java:292)
	at groovy.lang.MetaClassImpl.invokeMethod(MetaClassImpl.java:1016)
	at org.codehaus.groovy.runtime.callsite.PogoMetaClassSite.callCurrent(PogoMetaClassSite.java:66)
	at org.codehaus.groovy.runtime.callsite.AbstractCallSite.callCurrent(AbstractCallSite.java:163)
	at geb.driver.CachingDriverFactory$_getDriver_closure3.doCall(CachingDriverFactory.groovy)
	at groovy.lang.MetaMethod.doMethodInvoke(MetaMethod.java:324)
	at org.codehaus.groovy.runtime.metaclass.ClosureMetaClass.invokeMethod(ClosureMetaClass.java:292)
	at groovy.lang.MetaClassImpl.invokeMethod(MetaClassImpl.java:1016)
	at org.codehaus.groovy.runtime.callsite.PogoMetaClassSite.call(PogoMetaClassSite.java:39)
	at org.codehaus.groovy.runtime.callsite.AbstractCallSite.call(AbstractCallSite.java:114)
	at geb.driver.CachingDriverFactory$SimpleCache.get(CachingDriverFactory.groovy:30)
	at org.codehaus.groovy.runtime.callsite.PogoMetaMethodSite$PogoCachedMethodSiteNoUnwrapNoCoerce.invoke(PogoMetaMethodSite.java:207)
	at org.codehaus.groovy.runtime.callsite.PogoMetaMethodSite.call(PogoMetaMethodSite.java:68)
	at org.codehaus.groovy.runtime.callsite.AbstractCallSite.call(AbstractCallSite.java:122)
	at geb.driver.CachingDriverFactory.getDriver(CachingDriverFactory.groovy:79)
	at groovy.lang.MetaMethod.doMethodInvoke(MetaMethod.java:324)
	at org.codehaus.groovy.runtime.metaclass.MethodMetaProperty$GetBeanMethodMetaProperty.getProperty(MethodMetaProperty.java:73)
	at org.codehaus.groovy.runtime.callsite.GetEffectivePogoPropertySite.callGetProperty(GetEffectivePogoPropertySite.java:45)
	at geb.Configuration.createDriver(Configuration.groovy:306)
	at geb.Configuration.getDriver(Configuration.groovy:295)
	at groovy.lang.MetaMethod.doMethodInvoke(MetaMethod.java:324)
	at org.codehaus.groovy.runtime.metaclass.MethodMetaProperty$GetBeanMethodMetaProperty.getProperty(MethodMetaProperty.java:73)
	at org.codehaus.groovy.runtime.callsite.GetEffectivePogoPropertySite.callGroovyObjectGetProperty(GetEffectivePogoPropertySite.java:65)
	at geb.Browser.getDriver(Browser.groovy:101)
	at groovy.lang.MetaMethod.doMethodInvoke(MetaMethod.java:324)
	at org.codehaus.groovy.runtime.metaclass.MethodMetaProperty$GetBeanMethodMetaProperty.getProperty(MethodMetaProperty.java:73)
	at org.codehaus.groovy.runtime.callsite.GetEffectivePogoPropertySite.getProperty(GetEffectivePogoPropertySite.java:82)
	at org.codehaus.groovy.runtime.callsite.AbstractCallSite.callGroovyObjectGetProperty(AbstractCallSite.java:304)
	at geb.report.PageSourceReporter.getPageSource(PageSourceReporter.groovy:39)
	at org.codehaus.groovy.runtime.callsite.PogoMetaMethodSite$PogoCachedMethodSiteNoUnwrapNoCoerce.invoke(PogoMetaMethodSite.java:207)
	at org.codehaus.groovy.runtime.callsite.PogoMetaMethodSite.callCurrent(PogoMetaMethodSite.java:56)
	at org.codehaus.groovy.runtime.callsite.CallSiteArray.defaultCallCurrent(CallSiteArray.java:49)
	at org.codehaus.groovy.runtime.callsite.AbstractCallSite.callCurrent(AbstractCallSite.java:151)
	at org.codehaus.groovy.runtime.callsite.AbstractCallSite.callCurrent(AbstractCallSite.java:163)
	at geb.report.PageSourceReporter.writePageSource(PageSourceReporter.groovy:35)
	at org.codehaus.groovy.runtime.callsite.PogoMetaMethodSite$PogoCachedMethodSiteNoUnwrapNoCoerce.invoke(PogoMetaMethodSite.java:207)
	at org.codehaus.groovy.runtime.callsite.PogoMetaMethodSite.callCurrent(PogoMetaMethodSite.java:56)
	at org.codehaus.groovy.runtime.callsite.CallSiteArray.defaultCallCurrent(CallSiteArray.java:49)
	at org.codehaus.groovy.runtime.callsite.AbstractCallSite.callCurrent(AbstractCallSite.java:151)
	at org.codehaus.groovy.runtime.callsite.AbstractCallSite.callCurrent(AbstractCallSite.java:171)
	at geb.report.PageSourceReporter.writeReport(PageSourceReporter.groovy:27)
	at geb.report.ScreenshotAndPageSourceReporter.super$3$writeReport(ScreenshotAndPageSourceReporter.groovy)
	at groovy.lang.MetaMethod.doMethodInvoke(MetaMethod.java:324)
	at groovy.lang.MetaClassImpl.invokeMethod(MetaClassImpl.java:1207)
	at org.codehaus.groovy.runtime.ScriptBytecodeAdapter.invokeMethodOnSuperN(ScriptBytecodeAdapter.java:130)
	at geb.report.ScreenshotAndPageSourceReporter.writeReport(ScreenshotAndPageSourceReporter.groovy:31)
	at geb.report.Reporter$writeReport.call(Unknown Source)
	at org.codehaus.groovy.runtime.callsite.CallSiteArray.defaultCall(CallSiteArray.java:45)
	at org.codehaus.groovy.runtime.callsite.AbstractCallSite.call(AbstractCallSite.java:110)
	at org.codehaus.groovy.runtime.callsite.AbstractCallSite.call(AbstractCallSite.java:138)
	at geb.Browser.report(Browser.groovy:616)
	at geb.Browser$report$2.call(Unknown Source)
	at org.codehaus.groovy.runtime.callsite.CallSiteArray.defaultCall(CallSiteArray.java:45)
	at org.codehaus.groovy.runtime.callsite.AbstractCallSite.call(AbstractCallSite.java:110)
	at org.codehaus.groovy.runtime.callsite.AbstractCallSite.call(AbstractCallSite.java:122)
	at geb.testng.GebReportingTest.report(GebReportingTest.groovy:33)
	at geb.testng.GebReportingTest$report.callCurrent(Unknown Source)
	at org.codehaus.groovy.runtime.callsite.CallSiteArray.defaultCallCurrent(CallSiteArray.java:49)
	at org.codehaus.groovy.runtime.callsite.AbstractCallSite.callCurrent(AbstractCallSite.java:151)
	at org.codehaus.groovy.runtime.callsite.AbstractCallSite.callCurrent(AbstractCallSite.java:163)
	at geb.testng.GebReportingTest.reportingAfter(GebReportingTest.groovy:52)
Caused by: org.openqa.selenium.SessionNotCreatedException: session not created exception
from disconnected: Unable to receive message from renderer
  (Session info: chrome=49.0.2623.110)
  (Driver info: chromedriver=2.20.353145 (343b531d31eeb933ec778dbcf7081628a1396067),platform=Windows NT 6.1 x86_64) (WARNING: The server did not provide any stacktrace information)
Command duration or timeout: 3.16 seconds
Build info: version: '2.53.0', revision: '35ae25b1534ae328c771e0856c93e187490ca824', time: '2016-03-15 10:43:46'
System info: host: 'DESKTOP-GK79C4U', ip: '192.168.1.100', os.name: 'Windows 10', os.arch: 'amd64', os.version: '10.0', java.version: '1.8.0_73'
Driver info: org.openqa.selenium.chrome.ChromeDriver
	at org.openqa.selenium.remote.ErrorHandler.createThrowable(ErrorHandler.java:206)
	at org.openqa.selenium.remote.ErrorHandler.throwIfResponseFailed(ErrorHandler.java:158)
	at org.openqa.selenium.remote.RemoteWebDriver.execute(RemoteWebDriver.java:678)
	at org.openqa.selenium.remote.RemoteWebDriver.startSession(RemoteWebDriver.java:249)
	at org.openqa.selenium.remote.RemoteWebDriver.<init>(RemoteWebDriver.java:131)
	at org.openqa.selenium.remote.RemoteWebDriver.<init>(RemoteWebDriver.java:144)
	at org.openqa.selenium.chrome.ChromeDriver.<init>(ChromeDriver.java:170)
	at org.openqa.selenium.chrome.ChromeDriver.<init>(ChromeDriver.java:159)
	at org.openqa.selenium.chrome.ChromeDriver.<init>(ChromeDriver.java:116)
	at org.codehaus.groovy.runtime.callsite.ConstructorSite$ConstructorSiteNoUnwrapNoCoerce.callConstructor(ConstructorSite.java:102)
	at org.codehaus.groovy.runtime.callsite.AbstractCallSite.callConstructor(AbstractCallSite.java:236)
	at script1460054940192957335153$_run_closure1.doCall(script1460054940192957335153.groovy:14)
	at script1460054940192957335153$_run_closure1.doCall(script1460054940192957335153.groovy)
	at groovy.lang.MetaMethod.doMethodInvoke(MetaMethod.java:324)
	at org.codehaus.groovy.runtime.metaclass.ClosureMetaClass.invokeMethod(ClosureMetaClass.java:292)
	at groovy.lang.MetaClassImpl.invokeMethod(MetaClassImpl.java:1016)
	at org.codehaus.groovy.runtime.InvokerHelper.invokePogoMethod(InvokerHelper.java:914)
	at org.codehaus.groovy.runtime.InvokerHelper.invokeMethod(InvokerHelper.java:897)
	at org.codehaus.groovy.runtime.ScriptBytecodeAdapter.invokeMethodN(ScriptBytecodeAdapter.java:166)
	at org.codehaus.groovy.runtime.ScriptBytecodeAdapter.invokeClosure(ScriptBytecodeAdapter.java:572)
	at geb.driver.CallbackDriverFactory.getDriver(CallbackDriverFactory.groovy:29)
	... 139 more
... Removed 92 stack frames]]>
    </failure>
  </testcase> <!-- @AfterMethod reportingAfter -->
  <testcase name="@AfterMethod clearBrowserCookies" time="0.0" classname="com.prosper.test.FirstGebTest">
    <skipped/>
  </testcase> <!-- @AfterMethod clearBrowserCookies -->
  <testcase name="testRegistrationOfPrimeBorrower" time="8.023" classname="com.prosper.test.FirstGebTest">
    <failure type="geb.driver.DriverCreationException" message="failed to create driver from callback &amp;apos;script1460054940192957335153$_run_closure1@7cd1ac19&amp;apos;">
      <![CDATA[geb.driver.DriverCreationException: failed to create driver from callback 'script1460054940192957335153$_run_closure1@7cd1ac19'
	at org.codehaus.groovy.runtime.callsite.ConstructorSite$ConstructorSiteNoUnwrapNoCoerce.callConstructor(ConstructorSite.java:102)
	at org.codehaus.groovy.runtime.callsite.CallSiteArray.defaultCallConstructor(CallSiteArray.java:57)
	at org.codehaus.groovy.runtime.callsite.AbstractCallSite.callConstructor(AbstractCallSite.java:232)
	at org.codehaus.groovy.runtime.callsite.AbstractCallSite.callConstructor(AbstractCallSite.java:252)
	at geb.driver.CallbackDriverFactory.getDriver(CallbackDriverFactory.groovy:35)
	at groovy.lang.MetaMethod.doMethodInvoke(MetaMethod.java:324)
	at org.codehaus.groovy.runtime.metaclass.MethodMetaProperty$GetBeanMethodMetaProperty.getProperty(MethodMetaProperty.java:73)
	at org.codehaus.groovy.runtime.callsite.GetEffectivePogoPropertySite.getProperty(GetEffectivePogoPropertySite.java:82)
	at org.codehaus.groovy.runtime.callsite.AbstractCallSite.callGetProperty(AbstractCallSite.java:293)
	at geb.driver.CachingDriverFactory$_getDriver_closure3.doCall(CachingDriverFactory.groovy:80)
	at groovy.lang.MetaMethod.doMethodInvoke(MetaMethod.java:324)
	at org.codehaus.groovy.runtime.metaclass.ClosureMetaClass.invokeMethod(ClosureMetaClass.java:292)
	at groovy.lang.MetaClassImpl.invokeMethod(MetaClassImpl.java:1016)
	at org.codehaus.groovy.runtime.callsite.PogoMetaClassSite.callCurrent(PogoMetaClassSite.java:66)
	at org.codehaus.groovy.runtime.callsite.CallSiteArray.defaultCallCurrent(CallSiteArray.java:49)
	at org.codehaus.groovy.runtime.callsite.AbstractCallSite.callCurrent(AbstractCallSite.java:151)
	at org.codehaus.groovy.runtime.callsite.AbstractCallSite.callCurrent(AbstractCallSite.java:163)
	at geb.driver.CachingDriverFactory$_getDriver_closure3.doCall(CachingDriverFactory.groovy)
	at groovy.lang.MetaMethod.doMethodInvoke(MetaMethod.java:324)
	at org.codehaus.groovy.runtime.metaclass.ClosureMetaClass.invokeMethod(ClosureMetaClass.java:292)
	at groovy.lang.MetaClassImpl.invokeMethod(MetaClassImpl.java:1016)
	at org.codehaus.groovy.runtime.callsite.PogoMetaClassSite.call(PogoMetaClassSite.java:39)
	at org.codehaus.groovy.runtime.callsite.CallSiteArray.defaultCall(CallSiteArray.java:45)
	at org.codehaus.groovy.runtime.callsite.PogoMetaClassSite.call(PogoMetaClassSite.java:54)
	at org.codehaus.groovy.runtime.callsite.AbstractCallSite.call(AbstractCallSite.java:114)
	at geb.driver.CachingDriverFactory$SimpleCache.get(CachingDriverFactory.groovy:30)
	at org.codehaus.groovy.runtime.callsite.PogoMetaMethodSite$PogoCachedMethodSiteNoUnwrapNoCoerce.invoke(PogoMetaMethodSite.java:207)
	at org.codehaus.groovy.runtime.callsite.PogoMetaMethodSite.call(PogoMetaMethodSite.java:68)
	at org.codehaus.groovy.runtime.callsite.CallSiteArray.defaultCall(CallSiteArray.java:45)
	at org.codehaus.groovy.runtime.callsite.AbstractCallSite.call(AbstractCallSite.java:110)
	at org.codehaus.groovy.runtime.callsite.AbstractCallSite.call(AbstractCallSite.java:122)
	at geb.driver.CachingDriverFactory.getDriver(CachingDriverFactory.groovy:79)
	at groovy.lang.MetaMethod.doMethodInvoke(MetaMethod.java:324)
	at org.codehaus.groovy.runtime.metaclass.MethodMetaProperty$GetBeanMethodMetaProperty.getProperty(MethodMetaProperty.java:73)
	at org.codehaus.groovy.runtime.callsite.GetEffectivePogoPropertySite.getProperty(GetEffectivePogoPropertySite.java:82)
	at org.codehaus.groovy.runtime.callsite.AbstractCallSite.callGetProperty(AbstractCallSite.java:293)
	at geb.Configuration.createDriver(Configuration.groovy:306)
	at geb.Configuration.getDriver(Configuration.groovy:295)
	at groovy.lang.MetaMethod.doMethodInvoke(MetaMethod.java:324)
	at org.codehaus.groovy.runtime.metaclass.MethodMetaProperty$GetBeanMethodMetaProperty.getProperty(MethodMetaProperty.java:73)
	at org.codehaus.groovy.runtime.callsite.GetEffectivePogoPropertySite.getProperty(GetEffectivePogoPropertySite.java:82)
	at org.codehaus.groovy.runtime.callsite.AbstractCallSite.callGroovyObjectGetProperty(AbstractCallSite.java:304)
	at geb.Browser.getDriver(Browser.groovy:101)
	at groovy.lang.MetaMethod.doMethodInvoke(MetaMethod.java:324)
	at org.codehaus.groovy.runtime.metaclass.MethodMetaProperty$GetBeanMethodMetaProperty.getProperty(MethodMetaProperty.java:73)
	at org.codehaus.groovy.runtime.callsite.GetEffectivePogoPropertySite.getProperty(GetEffectivePogoPropertySite.java:82)
	at org.codehaus.groovy.runtime.callsite.AbstractCallSite.callGroovyObjectGetProperty(AbstractCallSite.java:304)
	at geb.Browser.go(Browser.groovy:367)
	at geb.Browser$go$1.call(Unknown Source)
	at org.codehaus.groovy.runtime.callsite.CallSiteArray.defaultCall(CallSiteArray.java:45)
	at org.codehaus.groovy.runtime.callsite.AbstractCallSite.call(AbstractCallSite.java:110)
	at org.codehaus.groovy.runtime.callsite.AbstractCallSite.call(AbstractCallSite.java:130)
	at geb.Page.to(Page.groovy:168)
	at org.codehaus.groovy.runtime.callsite.PogoMetaMethodSite$PogoCachedMethodSite.invoke(PogoMetaMethodSite.java:166)
	at org.codehaus.groovy.runtime.callsite.PogoMetaMethodSite.call(PogoMetaMethodSite.java:68)
	at org.codehaus.groovy.runtime.callsite.CallSiteArray.defaultCall(CallSiteArray.java:45)
	at org.codehaus.groovy.runtime.callsite.AbstractCallSite.call(AbstractCallSite.java:110)
	at geb.Browser.to(Browser.groovy:400)
	at org.codehaus.groovy.runtime.callsite.PogoMetaMethodSite$PogoCachedMethodSite.invoke(PogoMetaMethodSite.java:166)
	at org.codehaus.groovy.runtime.callsite.PogoMetaMethodSite.callCurrent(PogoMetaMethodSite.java:56)
	at org.codehaus.groovy.runtime.callsite.CallSiteArray.defaultCallCurrent(CallSiteArray.java:49)
	at org.codehaus.groovy.runtime.callsite.AbstractCallSite.callCurrent(AbstractCallSite.java:151)
	at org.codehaus.groovy.runtime.callsite.AbstractCallSite.callCurrent(AbstractCallSite.java:179)
	at geb.Browser.to(Browser.groovy:390)
	at geb.Browser$to$0.callCurrent(Unknown Source)
	at org.codehaus.groovy.runtime.callsite.CallSiteArray.defaultCallCurrent(CallSiteArray.java:49)
	at org.codehaus.groovy.runtime.callsite.AbstractCallSite.callCurrent(AbstractCallSite.java:151)
	at geb.Browser.to(Browser.groovy:380)
	at groovy.lang.MetaMethod.doMethodInvoke(MetaMethod.java:324)
	at groovy.lang.MetaClassImpl.invokeMethod(MetaClassImpl.java:1207)
	at groovy.lang.MetaClassImpl.invokeMethod(MetaClassImpl.java:1016)
	at org.codehaus.groovy.runtime.InvokerHelper.invokePogoMethod(InvokerHelper.java:914)
	at org.codehaus.groovy.runtime.InvokerHelper.invokeMethod(InvokerHelper.java:897)
	at org.codehaus.groovy.runtime.ScriptBytecodeAdapter.invokeMethodN(ScriptBytecodeAdapter.java:166)
	at geb.testng.GebTest.methodMissing(GebTest.groovy:50)
	at groovy.lang.MetaClassImpl.invokeMissingMethod(MetaClassImpl.java:933)
	at groovy.lang.MetaClassImpl.invokePropertyOrMissing(MetaClassImpl.java:1256)
	at groovy.lang.MetaClassImpl.invokeMethod(MetaClassImpl.java:1209)
	at groovy.lang.MetaClassImpl.invokeMethod(MetaClassImpl.java:1016)
	at org.codehaus.groovy.runtime.callsite.PogoMetaClassSite.callCurrent(PogoMetaClassSite.java:66)
	at org.codehaus.groovy.runtime.callsite.CallSiteArray.defaultCallCurrent(CallSiteArray.java:49)
	at org.codehaus.groovy.runtime.callsite.AbstractCallSite.callCurrent(AbstractCallSite.java:151)
	at org.codehaus.groovy.runtime.callsite.AbstractCallSite.callCurrent(AbstractCallSite.java:163)
	at com.prosper.test.FirstGebTest.testRegistrationOfPrimeBorrower(FirstGebTest.groovy:18)
Caused by: org.openqa.selenium.SessionNotCreatedException: session not created exception
from disconnected: received Inspector.detached event
  (Session info: chrome=49.0.2623.110)
  (Driver info: chromedriver=2.20.353145 (343b531d31eeb933ec778dbcf7081628a1396067),platform=Windows NT 6.1 x86_64) (WARNING: The server did not provide any stacktrace information)
Command duration or timeout: 4.06 seconds
Build info: version: '2.53.0', revision: '35ae25b1534ae328c771e0856c93e187490ca824', time: '2016-03-15 10:43:46'
System info: host: 'DESKTOP-GK79C4U', ip: '192.168.1.100', os.name: 'Windows 10', os.arch: 'amd64', os.version: '10.0', java.version: '1.8.0_73'
Driver info: org.openqa.selenium.chrome.ChromeDriver
	at org.openqa.selenium.remote.ErrorHandler.createThrowable(ErrorHandler.java:206)
	at org.openqa.selenium.remote.ErrorHandler.throwIfResponseFailed(ErrorHandler.java:158)
	at org.openqa.selenium.remote.RemoteWebDriver.execute(RemoteWebDriver.java:678)
	at org.openqa.selenium.remote.RemoteWebDriver.startSession(RemoteWebDriver.java:249)
	at org.openqa.selenium.remote.RemoteWebDriver.<init>(RemoteWebDriver.java:131)
	at org.openqa.selenium.remote.RemoteWebDriver.<init>(RemoteWebDriver.java:144)
	at org.openqa.selenium.chrome.ChromeDriver.<init>(ChromeDriver.java:170)
	at org.openqa.selenium.chrome.ChromeDriver.<init>(ChromeDriver.java:159)
	at org.openqa.selenium.chrome.ChromeDriver.<init>(ChromeDriver.java:116)
	at org.codehaus.groovy.runtime.callsite.ConstructorSite$ConstructorSiteNoUnwrapNoCoerce.callConstructor(ConstructorSite.java:102)
	at org.codehaus.groovy.runtime.callsite.CallSiteArray.defaultCallConstructor(CallSiteArray.java:57)
	at org.codehaus.groovy.runtime.callsite.AbstractCallSite.callConstructor(AbstractCallSite.java:232)
	at org.codehaus.groovy.runtime.callsite.AbstractCallSite.callConstructor(AbstractCallSite.java:236)
	at script1460054940192957335153$_run_closure1.doCall(script1460054940192957335153.groovy:14)
	at script1460054940192957335153$_run_closure1.doCall(script1460054940192957335153.groovy)
	at groovy.lang.MetaMethod.doMethodInvoke(MetaMethod.java:324)
	at org.codehaus.groovy.runtime.metaclass.ClosureMetaClass.invokeMethod(ClosureMetaClass.java:292)
	at groovy.lang.MetaClassImpl.invokeMethod(MetaClassImpl.java:1016)
	at org.codehaus.groovy.runtime.InvokerHelper.invokePogoMethod(InvokerHelper.java:914)
	at org.codehaus.groovy.runtime.InvokerHelper.invokeMethod(InvokerHelper.java:897)
	at org.codehaus.groovy.runtime.ScriptBytecodeAdapter.invokeMethodN(ScriptBytecodeAdapter.java:166)
	at org.codehaus.groovy.runtime.ScriptBytecodeAdapter.invokeClosure(ScriptBytecodeAdapter.java:572)
	at geb.driver.CallbackDriverFactory.getDriver(CallbackDriverFactory.groovy:29)
	... 155 more
... Removed 95 stack frames]]>
    </failure>
  </testcase> <!-- testRegistrationOfPrimeBorrower -->
</testsuite> <!-- Default test(failed) -->
